Arguments: 
  /usr/local/Cellar/node/16.4.0/bin/node /usr/local/bin/yarn

PATH: 
  /Library/Frameworks/Python.framework/Versions/3.9/bin:/usr/local/bin:/usr/bin:/bin:/usr/sbin:/sbin:/Library/Apple/usr/bin:/Library/Frameworks/Mono.framework/Versions/Current/Commands:/Library/Frameworks/Python.framework/Versions/3.9/bin

Yarn version: 
  1.22.10

Node version: 
  16.4.0

Platform: 
  darwin x64

Trace: 
  SyntaxError: /Users/andreasink/Desktop/QuizAPI/package.json: Unexpected token : in JSON at position 9
      at JSON.parse (<anonymous>)
      at /usr/local/lib/node_modules/yarn/lib/cli.js:1625:59
      at Generator.next (<anonymous>)
      at step (/usr/local/lib/node_modules/yarn/lib/cli.js:310:30)
      at /usr/local/lib/node_modules/yarn/lib/cli.js:321:13

npm manifest: 
  "name": "simple_upload_server",
    "version": "1.0.0",
    "description": "Simple server for AppCoda tutorial on how to upload files using custom RESTful managing library in Swift.",
    "main": "index.js",
    "scripts": {
      "test": "echo \"Error: no test specified\" && exit 1"
    },
    "author": "Gabriel Theodoropoulos",
    "license": "MIT",
    "dependencies": {
      "body-parser": "^1.19.0",
      "express": "^4.16.4",
      "multer": "^1.4.1"
    }
  }

yarn manifest: 
  No manifest

Lockfile: 
  # THIS IS AN AUTOGENERATED FILE. DO NOT EDIT THIS FILE DIRECTLY.
  # yarn lockfile v1
